0 info it worked if it ends with ok
1 verbose cli [ 'C:\\Program Files\\nodejs\\\\node.exe',
1 verbose cli   'C:\\Program Files\\nodejs\\node_modules\\npm\\bin\\npm-cli.js',
1 verbose cli   'publish' ]
2 info using npm@1.4.28
3 info using node@v0.10.33
4 verbose node symlink C:\Program Files\nodejs\\node.exe
5 verbose publish [ '.' ]
6 verbose cache add [ '.', null ]
7 verbose cache add name=undefined spec="." args=[".",null]
8 verbose parsed url { protocol: null,
8 verbose parsed url   slashes: null,
8 verbose parsed url   auth: null,
8 verbose parsed url   host: null,
8 verbose parsed url   port: null,
8 verbose parsed url   hostname: null,
8 verbose parsed url   hash: null,
8 verbose parsed url   search: null,
8 verbose parsed url   query: null,
8 verbose parsed url   pathname: '.',
8 verbose parsed url   path: '.',
8 verbose parsed url   href: '.' }
9 silly lockFile 3a52ce78- .
10 verbose lock . C:\Users\Doğan\AppData\Roaming\npm-cache\3a52ce78-.lock
11 verbose tar pack [ 'C:\\Users\\Doğan\\AppData\\Roaming\\npm-cache\\ketcap\\1.0.0\\package.tgz',
11 verbose tar pack   '.' ]
12 verbose tarball C:\Users\Doğan\AppData\Roaming\npm-cache\ketcap\1.0.0\package.tgz
13 verbose folder .
14 info prepublish ketcap@1.0.0
15 silly lockFile 1f1177db-tar tar://.
16 verbose lock tar://. C:\Users\Doğan\AppData\Roaming\npm-cache\1f1177db-tar.lock
17 silly lockFile 3cccac16-m-cache-ketcap-1-0-0-package-tgz tar://C:\Users\Doğan\AppData\Roaming\npm-cache\ketcap\1.0.0\package.tgz
18 verbose lock tar://C:\Users\Doğan\AppData\Roaming\npm-cache\ketcap\1.0.0\package.tgz C:\Users\Doğan\AppData\Roaming\npm-cache\3cccac16-m-cache-ketcap-1-0-0-package-tgz.lock
19 silly lockFile 1f1177db-tar tar://.
20 silly lockFile 1f1177db-tar tar://.
21 silly lockFile 3cccac16-m-cache-ketcap-1-0-0-package-tgz tar://C:\Users\Doğan\AppData\Roaming\npm-cache\ketcap\1.0.0\package.tgz
22 silly lockFile 3cccac16-m-cache-ketcap-1-0-0-package-tgz tar://C:\Users\Doğan\AppData\Roaming\npm-cache\ketcap\1.0.0\package.tgz
23 silly lockFile ca46cc08-g-npm-cache-ketcap-1-0-0-package C:\Users\Doğan\AppData\Roaming\npm-cache\ketcap\1.0.0\package
24 verbose lock C:\Users\Doğan\AppData\Roaming\npm-cache\ketcap\1.0.0\package C:\Users\Doğan\AppData\Roaming\npm-cache\ca46cc08-g-npm-cache-ketcap-1-0-0-package.lock
25 silly lockFile ca46cc08-g-npm-cache-ketcap-1-0-0-package C:\Users\Doğan\AppData\Roaming\npm-cache\ketcap\1.0.0\package
26 silly lockFile ca46cc08-g-npm-cache-ketcap-1-0-0-package C:\Users\Doğan\AppData\Roaming\npm-cache\ketcap\1.0.0\package
27 silly lockFile 3a52ce78- .
28 silly lockFile 3a52ce78- .
29 silly publish { name: 'ketcap',
29 silly publish   version: '1.0.0',
29 silly publish   description: 'General boilerplate creator',
29 silly publish   main: 'src/ketcap.js',
29 silly publish   scripts: { test: 'echo "Error: no test specified" && exit 1' },
29 silly publish   keywords:
29 silly publish    [ 'boilerplate',
29 silly publish      'generator',
29 silly publish      'create',
29 silly publish      'easy',
29 silly publish      'ezapp',
29 silly publish      'application' ],
29 silly publish   bin: { ketcap: './bin.js' },
29 silly publish   author: { name: 'co3moz' },
29 silly publish   license: 'MIT',
29 silly publish   dependencies:
29 silly publish    { atob: '^1.1.2',
29 silly publish      mkdirp: '^0.5.1',
29 silly publish      optimist: '^0.6.1',
29 silly publish      'readline-sync': '^1.2.21',
29 silly publish      request: '^2.65.0' },
29 silly publish   readme: '![Ketcap](docs/ketcap.png)\r\n\r\nKetcap\r\n===================\r\n\r\nSimplest application backbone creator, boilerplate  archive, small, easy to use.\r\n\r\nInstall\r\n----------------\r\n\r\ntype me pls;\r\n\r\n\tnpm install -g ketcap\r\n\r\nUsage\r\n--------------\r\n\r\n    ketcap list\r\n\r\nGets all boilerplate names from mayonez system. Here you can look it https://github.com/co3moz/ketcap-mayonez. \r\n\r\n![Ketcap](docs/ketcapList.png)\r\n\r\n\r\n> **Developer Note** If you want to add more boilerplate, please clone and create pull request. Thank you :*\r\n\r\nHow about to install some boilerplate? type this sir,\r\n\r\n    ketcap install web-basic\r\n    \r\nNow ketcap downloads the content, when it\'s done ketcap asks questions about your application like name description etc..\r\nAnswer them please, when you done then ketcap will start to create files like lightning.\r\n\r\n![Ketcap](docs/ketcapInstall.png)\r\n\r\n\r\nMayonez Files\r\n-------------------\r\n\r\nThis files are magical :O, they simply determine the boilerplate.\r\n\r\nTheir syntax is simple, code starts with `<|||` and ends with `|||>`, every code block must be named so\r\n\r\n```\r\nnamed-block\r\n<|||\r\ncontent\r\n|||>\r\n```\r\n\r\nexcept the "folders" and "dialog" block names determines files. folders contains information about folders, dialogs are created for gathering information from developer.\r\n\r\n```\r\ndialog\r\n<|||\r\n  application-name Please enter the application name\r\n  application-author Please enter your github account name\r\n|||>\r\n```\r\n\r\n> We can use this values with special tags. `<||{` and `}||>` has duty to do this job.\r\n> ```\r\n> package.json\r\n>  <|||\r\n> {\r\n>   "name": "<||{application-name}||>",\r\n>   ...\r\n> ```   \r\n\r\nwhen we install this boilerplate ketcap asks this questions..\r\n\r\n```\r\nfolders\r\n<|||\r\n  src\r\n  src/routes\r\n  src/public\r\n|||>\r\n```\r\n\r\nfor create the folders use the folders block and each line must contain folder name.\r\n\r\n```\r\nfilename\r\n<|||\r\ncontent\r\n|||>\r\n```\r\n\r\nso lastly we create the files with it, you can create more files with more blocks.. Here some bananas\r\n\r\n```\r\ndialog\r\n<|||\r\n  application-name Please enter the application name\r\n  application-author Please enter your github account name\r\n|||>\r\n\r\nfolders\r\n<|||\r\n  src\r\n  src/routes\r\n  src/public\r\n|||>\r\n\r\npackage.json\r\n<|||\r\n{\r\n  "name": "<||{application-name}||>",\r\n  "version": "1.0.0",\r\n  "description": "test",\r\n  "main": "src/app.js",\r\n  "author": "<||{application-author}||>",\r\n  "license": "MIT"\r\n}\r\n|||>\r\n\r\nsrc/app.js\r\n<|||\r\n  test..\r\n|||>\r\n```\r\n\r\n\r\n\r\n\r\n',
29 silly publish   readmeFilename: 'README.md',
29 silly publish   gitHead: '7b2f8725d0807bcdfbf69363ae721fbce1569d34',
29 silly publish   _id: 'ketcap@1.0.0',
29 silly publish   _shasum: '01837235cdd781595794718765a57bc7aaedc34b',
29 silly publish   _from: '.' }
30 verbose request where is /ketcap
31 verbose request registry https://registry.npmjs.org/
32 verbose request id 0b7123edc547abe0
33 verbose url raw /ketcap
34 verbose url resolving [ 'https://registry.npmjs.org/', './ketcap' ]
35 verbose url resolved https://registry.npmjs.org/ketcap
36 verbose request where is https://registry.npmjs.org/ketcap
37 info trying registry request attempt 1 at 20:47:10
38 http PUT https://registry.npmjs.org/ketcap
39 info retry will retry, error on last attempt: Error: getaddrinfo ENOTFOUND
40 info trying registry request attempt 2 at 20:47:21
41 http PUT https://registry.npmjs.org/ketcap
42 info retry will retry, error on last attempt: Error: getaddrinfo ENOTFOUND
43 info trying registry request attempt 3 at 20:48:21
44 http PUT https://registry.npmjs.org/ketcap
45 error publish Failed PUT undefined
46 error network getaddrinfo ENOTFOUND
46 error network This is most likely not a problem with npm itself
46 error network and is related to network connectivity.
46 error network In most cases you are behind a proxy or have bad network settings.
46 error network
46 error network If you are behind a proxy, please make sure that the
46 error network 'proxy' config is set properly.  See: 'npm help config'
47 error System Windows_NT 6.2.9200
48 error command "C:\\Program Files\\nodejs\\\\node.exe" "C:\\Program Files\\nodejs\\node_modules\\npm\\bin\\npm-cli.js" "publish"
49 error cwd C:\projects\ketcap
50 error node -v v0.10.33
51 error npm -v 1.4.28
52 error syscall getaddrinfo
53 error code ENOTFOUND
54 error errno ENOTFOUND
55 verbose exit [ 1, true ]
